[0927/024938.305:INFO:CONSOLE(123)] "Event handler of 'x-storagemutated-1' event must be added on the initial evaluation of worker script.", source: https://static.whatsapp.net/rsrc.php/v3/yw/r/L-cCa-_lVcn.js?_nc_x=Ij3Wp8lg5Kz (123)
[0927/024938.726:INFO:CONSOLE(0)] "Error with Permissions-Policy header: Feature xr-spatial-tracking's parameters are ignored.", source:  (0)
[0927/024938.727:INFO:CONSOLE(0)] "Error with Permissions-Policy header: Origin trial controlled feature not enabled: 'attribution-reporting'.", source:  (0)
[0927/024938.727:INFO:CONSOLE(0)] "Error with Permissions-Policy header: Unrecognized feature: 'compute-pressure'.", source:  (0)
[0927/024938.733:INFO:CONSOLE(0)] "Error with Permissions-Policy header: Origin trial controlled feature not enabled: 'interest-cohort'.", source:  (0)
[0927/024938.733:INFO:CONSOLE(0)] "Error with Permissions-Policy header: Unrecognized feature: 'private-state-token-issuance'.", source:  (0)
[0927/024938.733:INFO:CONSOLE(0)] "Error with Permissions-Policy header: Origin trial controlled feature not enabled: 'shared-storage'.", source:  (0)
[0927/024938.733:INFO:CONSOLE(0)] "Error with Permissions-Policy header: Unrecognized feature: 'shared-storage-select-url'.", source:  (0)
[0927/024938.733:INFO:CONSOLE(0)] "Error with Permissions-Policy header: Unrecognized feature: 'private-state-token-redemption'.", source:  (0)
[0927/024938.733:INFO:CONSOLE(0)] "Error with Permissions-Policy header: Unrecognized feature: 'unload'.", source:  (0)
[0927/024938.733:INFO:CONSOLE(0)] "Error with Permissions-Policy header: Unrecognized feature: 'window-management'.", source:  (0)
[0927/024944.402:INFO:CONSOLE(343)] "WAWebLoggerWorker initialized", source: https://static.whatsapp.net/rsrc.php/v3/yG/r/BWINN-gp6kJ.js?_nc_x=Ij3Wp8lg5Kz (343)
[0927/024944.403:INFO:CONSOLE(343)] "[storage] start setSchemaVersions from fts worker interface", source: https://static.whatsapp.net/rsrc.php/v3/yG/r/BWINN-gp6kJ.js?_nc_x=Ij3Wp8lg5Kz (343)
[0927/024944.403:INFO:CONSOLE(343)] "[storage] set schema versions: [model-storage,159,fts-storage,8,jobs-storage,1,lru-media-storage-idb,2,offd-storage,4,qpl-storage,0,signal-storage,6,worker-storage,1,sw,2,wawc,14,wawc_db_enc,2]. is worker? true", source: https://static.whatsapp.net/rsrc.php/v3/yG/r/BWINN-gp6kJ.js?_nc_x=Ij3Wp8lg5Kz (343)
[0927/024953.138:INFO:CONSOLE(343)] "FTS:Delegate: start indexer", source: https://static.whatsapp.net/rsrc.php/v3/yG/r/BWINN-gp6kJ.js?_nc_x=Ij3Wp8lg5Kz (343)
[0927/024953.138:INFO:CONSOLE(343)] "FTS:Delegate: start perform init", source: https://static.whatsapp.net/rsrc.php/v3/yG/r/BWINN-gp6kJ.js?_nc_x=Ij3Wp8lg5Kz (343)
[0927/024953.138:INFO:CONSOLE(343)] "FTS:Delegate: schema versions ready", source: https://static.whatsapp.net/rsrc.php/v3/yG/r/BWINN-gp6kJ.js?_nc_x=Ij3Wp8lg5Kz (343)
[0927/024953.138:INFO:CONSOLE(343)] "FTS:Delegate: before db initialization", source: https://static.whatsapp.net/rsrc.php/v3/yG/r/BWINN-gp6kJ.js?_nc_x=Ij3Wp8lg5Kz (343)
[0927/024953.139:INFO:CONSOLE(343)] "[storage] applying schema versions from [0 to 8] for the database: 'fts-storage'", source: https://static.whatsapp.net/rsrc.php/v3/yG/r/BWINN-gp6kJ.js?_nc_x=Ij3Wp8lg5Kz (343)
[0927/024953.139:INFO:CONSOLE(343)] "[storage] applying schema versions from [0 to 159] for the database: 'model-storage'", source: https://static.whatsapp.net/rsrc.php/v3/yG/r/BWINN-gp6kJ.js?_nc_x=Ij3Wp8lg5Kz (343)
[0927/024956.990:INFO:CONSOLE(343)] "FTS:Delegate: after db initialization", source: https://static.whatsapp.net/rsrc.php/v3/yG/r/BWINN-gp6kJ.js?_nc_x=Ij3Wp8lg5Kz (343)
[0927/024956.990:INFO:CONSOLE(343)] "FTS:Manifest Writer: No changes made, current:['3.1', '1'], latest:['3.1', '1']", source: https://static.whatsapp.net/rsrc.php/v3/yG/r/BWINN-gp6kJ.js?_nc_x=Ij3Wp8lg5Kz (343)
[0927/024956.990:INFO:CONSOLE(343)] "FTS:Delegate: Inited", source: https://static.whatsapp.net/rsrc.php/v3/yG/r/BWINN-gp6kJ.js?_nc_x=Ij3Wp8lg5Kz (343)
[0927/024956.991:INFO:CONSOLE(343)] "FTS:Delegate: Init indexing ops", source: https://static.whatsapp.net/rsrc.php/v3/yG/r/BWINN-gp6kJ.js?_nc_x=Ij3Wp8lg5Kz (343)
[0927/024957.176:INFO:CONSOLE(343)] "FTS:Indexer:indexQueuedBatch: Starting new batch size : 1000", source: https://static.whatsapp.net/rsrc.php/v3/yG/r/BWINN-gp6kJ.js?_nc_x=Ij3Wp8lg5Kz (343)
[0927/024957.177:INFO:CONSOLE(343)] "FTS:Indexer:indexQueuedBatch: Completed", source: https://static.whatsapp.net/rsrc.php/v3/yG/r/BWINN-gp6kJ.js?_nc_x=Ij3Wp8lg5Kz (343)
[0927/025002.487:INFO:CONSOLE(343)] "FTS:Indexer:indexQueuedBatch: Starting new batch size : 1000", source: https://static.whatsapp.net/rsrc.php/v3/yG/r/BWINN-gp6kJ.js?_nc_x=Ij3Wp8lg5Kz (343)
[0927/025002.574:INFO:CONSOLE(343)] "FTS:Indexer:indexQueuedBatch: Completed batch", source: https://static.whatsapp.net/rsrc.php/v3/yG/r/BWINN-gp6kJ.js?_nc_x=Ij3Wp8lg5Kz (343)
[0927/025002.630:INFO:CONSOLE(343)] "FTS:Indexer:indexQueuedBatch: Completed", source: https://static.whatsapp.net/rsrc.php/v3/yG/r/BWINN-gp6kJ.js?_nc_x=Ij3Wp8lg5Kz (343)
[0927/025447.689:INFO:CONSOLE(341)] "Failed to parse video contentType: video/mp4; codecs=avc1.42000a", source: https://static.whatsapp.net/rsrc.php/v3iHCc4/yd/l/rt/2meVNTUZqGn.js?_nc_x=Ij3Wp8lg5Kz (341)
[0927/025447.690:INFO:CONSOLE(341)] "Failed to parse video contentType: video/mp4; codecs=hev1.1.6.L93.B0", source: https://static.whatsapp.net/rsrc.php/v3iHCc4/yd/l/rt/2meVNTUZqGn.js?_nc_x=Ij3Wp8lg5Kz (341)
[0927/025453.892:INFO:CONSOLE(123)] "Event handler of 'x-storagemutated-1' event must be added on the initial evaluation of worker script.", source: https://static.whatsapp.net/rsrc.php/v3/yw/r/L-cCa-_lVcn.js?_nc_x=Ij3Wp8lg5Kz (123)
